Copyright 1986-2018 Xilinx, Inc. All Rights Reserved.
------------------------------------------------------------------------------------------------------------------------
| Tool Version : Vivado v.2018.3 (win64) Build 2405991 Thu Dec  6 23:38:27 MST 2018
| Date         : Sat Aug  1 13:15:11 2020
| Host         : DESKTOP-V6SRKDT running 64-bit major release  (build 9200)
| Command      : report_drc -file Camera_Demo_drc_opted.rpt -pb Camera_Demo_drc_opted.pb -rpx Camera_Demo_drc_opted.rpx
| Design       : Camera_Demo
| Device       : xc7s15ftgb196-1
| Speed File   : -1
| Design State : Synthesized
------------------------------------------------------------------------------------------------------------------------

Report DRC

Table of Contents
-----------------
1. REPORT SUMMARY
2. REPORT DETAILS

1. REPORT SUMMARY
-----------------
            Netlist: netlist
          Floorplan: design_1
      Design limits: <entire design considered>
           Ruledeck: default
             Max violations: <unlimited>
             Violations found: 13
+--------+----------+--------------------------+------------+
| Rule   | Severity | Description              | Violations |
+--------+----------+--------------------------+------------+
| BUFC-1 | Warning  | Input Buffer Connections | 1          |
| DPIP-1 | Warning  | Input pipelining         | 12         |
+--------+----------+--------------------------+------------+

2. REPORT DETAILS
-----------------
BUFC-1#1 Warning
Input Buffer Connections  
Input buffer Camera_IIC_SDA_IOBUF/IBUF (in Camera_IIC_SDA_IOBUF macro) has no loads. It is recommended to have an input buffer drive an internal load.
Related violations: <none>

DPIP-1#1 Warning
Input pipelining  
DSP Video_Generator0/RGB_Data4 input Video_Generator0/RGB_Data4/A[29:0] is not pipelined. Pipelining DSP48 input will improve performance.
Related violations: <none>

DPIP-1#2 Warning
Input pipelining  
DSP Video_Generator0/RGB_Data4 input Video_Generator0/RGB_Data4/B[17:0] is not pipelined. Pipelining DSP48 input will improve performance.
Related violations: <none>

DPIP-1#3 Warning
Input pipelining  
DSP Video_Generator0/RGB_Data4__0 input Video_Generator0/RGB_Data4__0/A[29:0] is not pipelined. Pipelining DSP48 input will improve performance.
Related violations: <none>

DPIP-1#4 Warning
Input pipelining  
DSP Video_Generator0/RGB_Data4__0 input Video_Generator0/RGB_Data4__0/B[17:0] is not pipelined. Pipelining DSP48 input will improve performance.
Related violations: <none>

DPIP-1#5 Warning
Input pipelining  
DSP Video_Generator0/RGB_Data4__1 input Video_Generator0/RGB_Data4__1/A[29:0] is not pipelined. Pipelining DSP48 input will improve performance.
Related violations: <none>

DPIP-1#6 Warning
Input pipelining  
DSP Video_Generator0/RGB_Data4__1 input Video_Generator0/RGB_Data4__1/B[17:0] is not pipelined. Pipelining DSP48 input will improve performance.
Related violations: <none>

DPIP-1#7 Warning
Input pipelining  
DSP Video_Generator0/RGB_Data4__2 input Video_Generator0/RGB_Data4__2/A[29:0] is not pipelined. Pipelining DSP48 input will improve performance.
Related violations: <none>

DPIP-1#8 Warning
Input pipelining  
DSP Video_Generator0/RGB_Data4__2 input Video_Generator0/RGB_Data4__2/B[17:0] is not pipelined. Pipelining DSP48 input will improve performance.
Related violations: <none>

DPIP-1#9 Warning
Input pipelining  
DSP Video_Generator0/RGB_Data4__3 input Video_Generator0/RGB_Data4__3/A[29:0] is not pipelined. Pipelining DSP48 input will improve performance.
Related violations: <none>

DPIP-1#10 Warning
Input pipelining  
DSP Video_Generator0/RGB_Data4__3 input Video_Generator0/RGB_Data4__3/B[17:0] is not pipelined. Pipelining DSP48 input will improve performance.
Related violations: <none>

DPIP-1#11 Warning
Input pipelining  
DSP Video_Generator0/RGB_Data4__4 input Video_Generator0/RGB_Data4__4/A[29:0] is not pipelined. Pipelining DSP48 input will improve performance.
Related violations: <none>

DPIP-1#12 Warning
Input pipelining  
DSP Video_Generator0/RGB_Data4__4 input Video_Generator0/RGB_Data4__4/B[17:0] is not pipelined. Pipelining DSP48 input will improve performance.
Related violations: <none>


