#-----------------------------------------------------------
# Vivado v2018.3 (64-bit)
# SW Build 2405991 on Thu Dec  6 23:38:27 MST 2018
# IP Build 2404404 on Fri Dec  7 01:43:56 MST 2018
# Start of session at: Fri Jul 31 11:43:39 2020
# Process ID: 12628
# Current directory: D:/Study/vivado/program/Camera_Demo_my
# Command line: vivado.exe -gui_launcher_event rodinguilauncherevent18268 D:\Study\vivado\program\Camera_Demo_my\Camera_Demo.xpr
# Log file: D:/Study/vivado/program/Camera_Demo_my/vivado.log
# Journal file: D:/Study/vivado/program/Camera_Demo_my\vivado.jou
#-----------------------------------------------------------
start_gui
open_project D:/Study/vivado/program/Camera_Demo_my/Camera_Demo.xpr
INFO: [Project 1-313] Project file moved from 'D:/VIVADOwork/Camera_Demo_my' since last save.
CRITICAL WARNING: [Project 1-19] Could not find the file 'E:/FPGA-Demo-Project/Camera_Demo/tcl/Elimate_Constraints_Error.tcl'.
Scanning sources...
Finished scanning sources
INFO: [IP_Flow 19-234] Refreshing IP repositories
INFO: [IP_Flow 19-1700] Loaded user IP repository 'd:/Study/vivado/program/Camera_Demo_my/IP_Core'.
INFO: [IP_Flow 19-2313] Loaded Vivado IP repository 'D:/application/XILINX/Vivado/2018.3/data/ip'.
open_project: Time (s): cpu = 00:00:19 ; elapsed = 00:00:09 . Memory (MB): peak = 816.266 ; gain = 190.270
update_compile_order -fileset sources_1
import_files -norecurse {D:/Study/vivado/Camera_Demo/Camera_Demo/Camera_Demo.srcs/sources_1/new/HSV_To_RGB.v D:/Study/vivado/Camera_Demo/Camera_Demo/Camera_Demo.srcs/sources_1/new/RGB_To_HSV.v}
update_compile_order -fileset sources_1
close [ open D:/Study/vivado/program/Camera_Demo_my/Camera_Demo.srcs/sources_1/new/Color_ID.v w ]
add_files D:/Study/vivado/program/Camera_Demo_my/Camera_Demo.srcs/sources_1/new/Color_ID.v
update_compile_order -fileset sources_1
reset_run synth_1
launch_runs synth_1 -jobs 4
[Fri Jul 31 14:53:43 2020] Launched synth_1...
Run output will be captured here: D:/Study/vivado/program/Camera_Demo_my/Camera_Demo.runs/synth_1/runme.log
exit
INFO: [Common 17-206] Exiting Vivado at Fri Jul 31 14:55:56 2020...
